#! /c/Source/iverilog-install/bin/vvp
:ivl_version "12.0 (devel)" "(s20150603-1539-g2693dd32b)";
:ivl_delay_selection "TYPICAL";
:vpi_time_precision - 12;
:vpi_module "C:\iverilog\lib\ivl\system.vpi";
:vpi_module "C:\iverilog\lib\ivl\vhdl_sys.vpi";
:vpi_module "C:\iverilog\lib\ivl\vhdl_textio.vpi";
:vpi_module "C:\iverilog\lib\ivl\v2005_math.vpi";
:vpi_module "C:\iverilog\lib\ivl\va_math.vpi";
S_0000023879bde980 .scope module, "tb_vending_mealy" "tb_vending_mealy" 2 2;
 .timescale -9 -12;
v0000023879afe910_0 .net "chg5", 0 0, L_0000023879aadb90;  1 drivers
v0000023879afe5f0_0 .var "clk", 0 0;
v0000023879afdd30_0 .var "coin", 1 0;
v0000023879afe050_0 .net "dispense", 0 0, L_0000023879aadce0;  1 drivers
v0000023879afddd0_0 .var "reset", 0 0;
S_0000023879bdeb10 .scope module, "dut" "vending_mealy" 2 7, 3 2 0, S_0000023879bde980;
 .timescale -9 -12;
    .port_info 0 /INPUT 1 "clk";
    .port_info 1 /INPUT 1 "reset";
    .port_info 2 /INPUT 2 "coin";
    .port_info 3 /OUTPUT 1 "dispense";
    .port_info 4 /OUTPUT 1 "chg5";
P_0000023879ab0ee0 .param/l "S0" 0 3 11, C4<00>;
P_0000023879ab0f18 .param/l "S10" 0 3 13, C4<10>;
P_0000023879ab0f50 .param/l "S15" 0 3 14, C4<11>;
P_0000023879ab0f88 .param/l "S5" 0 3 12, C4<01>;
L_0000023879aadce0 .functor BUFZ 1, v0000023879afe7d0_0, C4<0>, C4<0>, C4<0>;
L_0000023879aadb90 .functor BUFZ 1, v0000023879bdaaf0_0, C4<0>, C4<0>, C4<0>;
L_0000023879afecf8 .functor BUFT 1, C4<01>, C4<0>, C4<0>, C4<0>;
v0000023879a9b700_0 .net/2u *"_ivl_0", 1 0, L_0000023879afecf8;  1 drivers
L_0000023879afed40 .functor BUFT 1, C4<10>, C4<0>, C4<0>, C4<0>;
v0000023879a9bfb0_0 .net/2u *"_ivl_4", 1 0, L_0000023879afed40;  1 drivers
L_0000023879afed88 .functor BUFT 1, C4<00>, C4<0>, C4<0>, C4<0>;
v0000023879a73100_0 .net/2u *"_ivl_8", 1 0, L_0000023879afed88;  1 drivers
v0000023879bdaa50_0 .net "chg5", 0 0, L_0000023879aadb90;  alias, 1 drivers
v0000023879bdaaf0_0 .var "chg5_r", 0 0;
v0000023879bdeca0_0 .net "clk", 0 0, v0000023879afe5f0_0;  1 drivers
v0000023879bded40_0 .net "coin", 1 0, v0000023879afdd30_0;  1 drivers
v0000023879afd880_0 .net "coin10", 0 0, L_0000023879afdfb0;  1 drivers
v0000023879afd920_0 .net "coin5", 0 0, L_0000023879afdf10;  1 drivers
v0000023879afde70_0 .net "dispense", 0 0, L_0000023879aadce0;  alias, 1 drivers
v0000023879afe7d0_0 .var "dispense_r", 0 0;
v0000023879afe410_0 .var "next_state", 1 0;
v0000023879afdbf0_0 .net "noCoin", 0 0, L_0000023879afe0f0;  1 drivers
v0000023879afdc90_0 .net "reset", 0 0, v0000023879afddd0_0;  1 drivers
v0000023879afe870_0 .var "state", 1 0;
E_0000023879a95a70 .event anyedge, v0000023879afe870_0, v0000023879afd920_0, v0000023879afd880_0, v0000023879afdbf0_0;
E_0000023879a952f0 .event posedge, v0000023879afdc90_0, v0000023879bdeca0_0;
L_0000023879afdf10 .cmp/eq 2, v0000023879afdd30_0, L_0000023879afecf8;
L_0000023879afdfb0 .cmp/eq 2, v0000023879afdd30_0, L_0000023879afed40;
L_0000023879afe0f0 .cmp/eq 2, v0000023879afdd30_0, L_0000023879afed88;
S_0000023879afe9d0 .scope task, "put10" "put10" 2 29, 2 29 0, S_0000023879bde980;
 .timescale -9 -12;
E_0000023879a95e70 .event posedge, v0000023879bdeca0_0;
TD_tb_vending_mealy.put10 ;
    %pushi/vec4 2, 0, 2;
    %store/vec4 v0000023879afdd30_0, 0, 2;
    %wait E_0000023879a95e70;
    %pushi/vec4 0, 0, 2;
    %store/vec4 v0000023879afdd30_0, 0, 2;
    %wait E_0000023879a95e70;
    %end;
S_0000023879afeb60 .scope task, "put5" "put5" 2 22, 2 22 0, S_0000023879bde980;
 .timescale -9 -12;
TD_tb_vending_mealy.put5 ;
    %pushi/vec4 1, 0, 2;
    %store/vec4 v0000023879afdd30_0, 0, 2;
    %wait E_0000023879a95e70;
    %pushi/vec4 0, 0, 2;
    %store/vec4 v0000023879afdd30_0, 0, 2;
    %wait E_0000023879a95e70;
    %end;
    .scope S_0000023879bdeb10;
T_2 ;
    %wait E_0000023879a952f0;
    %load/vec4 v0000023879afdc90_0;
    %flag_set/vec4 8;
    %jmp/0xz  T_2.0, 8;
    %pushi/vec4 0, 0, 2;
    %assign/vec4 v0000023879afe870_0, 0;
    %jmp T_2.1;
T_2.0 ;
    %load/vec4 v0000023879afe410_0;
    %assign/vec4 v0000023879afe870_0, 0;
T_2.1 ;
    %jmp T_2;
    .thread T_2;
    .scope S_0000023879bdeb10;
T_3 ;
    %wait E_0000023879a95a70;
    %load/vec4 v0000023879afe870_0;
    %store/vec4 v0000023879afe410_0, 0, 2;
    %pushi/vec4 0, 0, 1;
    %store/vec4 v0000023879afe7d0_0, 0, 1;
    %pushi/vec4 0, 0, 1;
    %store/vec4 v0000023879bdaaf0_0, 0, 1;
    %load/vec4 v0000023879afe870_0;
    %dup/vec4;
    %pushi/vec4 0, 0, 2;
    %cmp/u;
    %jmp/1 T_3.0, 6;
    %dup/vec4;
    %pushi/vec4 1, 0, 2;
    %cmp/u;
    %jmp/1 T_3.1, 6;
    %dup/vec4;
    %pushi/vec4 2, 0, 2;
    %cmp/u;
    %jmp/1 T_3.2, 6;
    %dup/vec4;
    %pushi/vec4 3, 0, 2;
    %cmp/u;
    %jmp/1 T_3.3, 6;
    %jmp T_3.4;
T_3.0 ;
    %load/vec4 v0000023879afd920_0;
    %flag_set/vec4 8;
    %jmp/0xz  T_3.5, 8;
    %pushi/vec4 1, 0, 2;
    %store/vec4 v0000023879afe410_0, 0, 2;
    %jmp T_3.6;
T_3.5 ;
    %load/vec4 v0000023879afd880_0;
    %flag_set/vec4 8;
    %jmp/0xz  T_3.7, 8;
    %pushi/vec4 2, 0, 2;
    %store/vec4 v0000023879afe410_0, 0, 2;
T_3.7 ;
T_3.6 ;
    %jmp T_3.4;
T_3.1 ;
    %load/vec4 v0000023879afd920_0;
    %flag_set/vec4 8;
    %jmp/0xz  T_3.9, 8;
    %pushi/vec4 2, 0, 2;
    %store/vec4 v0000023879afe410_0, 0, 2;
    %jmp T_3.10;
T_3.9 ;
    %load/vec4 v0000023879afd880_0;
    %flag_set/vec4 8;
    %jmp/0xz  T_3.11, 8;
    %pushi/vec4 3, 0, 2;
    %store/vec4 v0000023879afe410_0, 0, 2;
T_3.11 ;
T_3.10 ;
    %jmp T_3.4;
T_3.2 ;
    %load/vec4 v0000023879afd920_0;
    %flag_set/vec4 8;
    %jmp/0xz  T_3.13, 8;
    %pushi/vec4 3, 0, 2;
    %store/vec4 v0000023879afe410_0, 0, 2;
    %jmp T_3.14;
T_3.13 ;
    %load/vec4 v0000023879afd880_0;
    %flag_set/vec4 8;
    %jmp/0xz  T_3.15, 8;
    %pushi/vec4 1, 0, 1;
    %store/vec4 v0000023879afe7d0_0, 0, 1;
    %pushi/vec4 0, 0, 2;
    %store/vec4 v0000023879afe410_0, 0, 2;
T_3.15 ;
T_3.14 ;
    %jmp T_3.4;
T_3.3 ;
    %load/vec4 v0000023879afd920_0;
    %flag_set/vec4 8;
    %jmp/0xz  T_3.17, 8;
    %pushi/vec4 1, 0, 1;
    %store/vec4 v0000023879afe7d0_0, 0, 1;
    %pushi/vec4 0, 0, 2;
    %store/vec4 v0000023879afe410_0, 0, 2;
    %jmp T_3.18;
T_3.17 ;
    %load/vec4 v0000023879afd880_0;
    %flag_set/vec4 8;
    %jmp/0xz  T_3.19, 8;
    %pushi/vec4 1, 0, 1;
    %store/vec4 v0000023879afe7d0_0, 0, 1;
    %pushi/vec4 1, 0, 1;
    %store/vec4 v0000023879bdaaf0_0, 0, 1;
    %pushi/vec4 0, 0, 2;
    %store/vec4 v0000023879afe410_0, 0, 2;
T_3.19 ;
T_3.18 ;
    %jmp T_3.4;
T_3.4 ;
    %pop/vec4 1;
    %load/vec4 v0000023879afdbf0_0;
    %flag_set/vec4 8;
    %jmp/0xz  T_3.21, 8;
    %load/vec4 v0000023879afe870_0;
    %store/vec4 v0000023879afe410_0, 0, 2;
T_3.21 ;
    %jmp T_3;
    .thread T_3, $push;
    .scope S_0000023879bde980;
T_4 ;
    %pushi/vec4 0, 0, 1;
    %store/vec4 v0000023879afe5f0_0, 0, 1;
T_4.0 ;
    %delay 5000, 0;
    %load/vec4 v0000023879afe5f0_0;
    %inv;
    %store/vec4 v0000023879afe5f0_0, 0, 1;
    %jmp T_4.0;
    %end;
    .thread T_4;
    .scope S_0000023879bde980;
T_5 ;
    %vpi_call 2 37 "$dumpfile", "dump.vcd" {0 0 0};
    %vpi_call 2 38 "$dumpvars", 32'sb00000000000000000000000000000000, S_0000023879bde980 {0 0 0};
    %pushi/vec4 0, 0, 2;
    %store/vec4 v0000023879afdd30_0, 0, 2;
    %pushi/vec4 1, 0, 1;
    %store/vec4 v0000023879afddd0_0, 0, 1;
    %pushi/vec4 2, 0, 32;
T_5.0 %dup/vec4;
    %pushi/vec4 0, 0, 32;
    %cmp/s;
    %jmp/1xz T_5.1, 5;
    %jmp/1 T_5.1, 4;
    %pushi/vec4 1, 0, 32;
    %sub;
    %wait E_0000023879a95e70;
    %jmp T_5.0;
T_5.1 ;
    %pop/vec4 1;
    %pushi/vec4 0, 0, 1;
    %store/vec4 v0000023879afddd0_0, 0, 1;
    %wait E_0000023879a95e70;
    %fork TD_tb_vending_mealy.put10, S_0000023879afe9d0;
    %join;
    %fork TD_tb_vending_mealy.put10, S_0000023879afe9d0;
    %join;
    %pushi/vec4 2, 0, 32;
T_5.2 %dup/vec4;
    %pushi/vec4 0, 0, 32;
    %cmp/s;
    %jmp/1xz T_5.3, 5;
    %jmp/1 T_5.3, 4;
    %pushi/vec4 1, 0, 32;
    %sub;
    %wait E_0000023879a95e70;
    %jmp T_5.2;
T_5.3 ;
    %pop/vec4 1;
    %fork TD_tb_vending_mealy.put5, S_0000023879afeb60;
    %join;
    %fork TD_tb_vending_mealy.put5, S_0000023879afeb60;
    %join;
    %fork TD_tb_vending_mealy.put10, S_0000023879afe9d0;
    %join;
    %pushi/vec4 2, 0, 32;
T_5.4 %dup/vec4;
    %pushi/vec4 0, 0, 32;
    %cmp/s;
    %jmp/1xz T_5.5, 5;
    %jmp/1 T_5.5, 4;
    %pushi/vec4 1, 0, 32;
    %sub;
    %wait E_0000023879a95e70;
    %jmp T_5.4;
T_5.5 ;
    %pop/vec4 1;
    %fork TD_tb_vending_mealy.put10, S_0000023879afe9d0;
    %join;
    %fork TD_tb_vending_mealy.put5, S_0000023879afeb60;
    %join;
    %fork TD_tb_vending_mealy.put10, S_0000023879afe9d0;
    %join;
    %pushi/vec4 4, 0, 32;
T_5.6 %dup/vec4;
    %pushi/vec4 0, 0, 32;
    %cmp/s;
    %jmp/1xz T_5.7, 5;
    %jmp/1 T_5.7, 4;
    %pushi/vec4 1, 0, 32;
    %sub;
    %wait E_0000023879a95e70;
    %jmp T_5.6;
T_5.7 ;
    %pop/vec4 1;
    %vpi_call 2 53 "$finish" {0 0 0};
    %end;
    .thread T_5;
# The file index is used to find the file name in the following table.
:file_names 4;
    "N/A";
    "<interactive>";
    "tb_vending_mealy.v";
    "vending_mealy.v";
