#! /c/Source/iverilog-install/bin/vvp
:ivl_version "12.0 (devel)" "(s20150603-1539-g2693dd32b)";
:ivl_delay_selection "TYPICAL";
:vpi_time_precision - 12;
:vpi_module "C:\iverilog\lib\ivl\system.vpi";
:vpi_module "C:\iverilog\lib\ivl\vhdl_sys.vpi";
:vpi_module "C:\iverilog\lib\ivl\vhdl_textio.vpi";
:vpi_module "C:\iverilog\lib\ivl\v2005_math.vpi";
:vpi_module "C:\iverilog\lib\ivl\va_math.vpi";
S_000001dda33673d0 .scope module, "tb_seq_detect_mealy" "tb_seq_detect_mealy" 2 2;
 .timescale -9 -12;
v000001dda3364dd0_0 .var "clk", 0 0;
v000001dda3364e70_0 .var "reset", 0 0;
v000001dda3364f10_0 .var "x", 0 0;
v000001dda33b1020_0 .net "y", 0 0, v000001dda3364d30_0;  1 drivers
S_000001dda3367560 .scope module, "dut" "seq_detect_mealy" 2 6, 3 1 0, S_000001dda33673d0;
 .timescale -9 -12;
    .port_info 0 /INPUT 1 "clk";
    .port_info 1 /INPUT 1 "reset";
    .port_info 2 /INPUT 1 "x";
    .port_info 3 /OUTPUT 1 "y";
P_000001dda3355ab0 .param/l "S0" 0 3 6, +C4<00000000000000000000000000000000>;
P_000001dda3355ae8 .param/l "S1" 0 3 6, +C4<00000000000000000000000000000001>;
P_000001dda3355b20 .param/l "S2" 0 3 6, +C4<00000000000000000000000000000010>;
P_000001dda3355b58 .param/l "S3" 0 3 6, +C4<00000000000000000000000000000011>;
v000001dda3333550_0 .net "clk", 0 0, v000001dda3364dd0_0;  1 drivers
v000001dda3333100_0 .var "next_state", 2 0;
v000001dda33676f0_0 .net "reset", 0 0, v000001dda3364e70_0;  1 drivers
v000001dda3367790_0 .var "state", 2 0;
v000001dda3364c90_0 .net "x", 0 0, v000001dda3364f10_0;  1 drivers
v000001dda3364d30_0 .var "y", 0 0;
E_000001dda34eb520 .event anyedge, v000001dda3367790_0, v000001dda3364c90_0;
E_000001dda34eb8e0 .event posedge, v000001dda33676f0_0, v000001dda3333550_0;
    .scope S_000001dda3367560;
T_0 ;
    %wait E_000001dda34eb8e0;
    %load/vec4 v000001dda33676f0_0;
    %flag_set/vec4 8;
    %jmp/0xz  T_0.0, 8;
    %pushi/vec4 0, 0, 3;
    %assign/vec4 v000001dda3367790_0, 0;
    %jmp T_0.1;
T_0.0 ;
    %load/vec4 v000001dda3333100_0;
    %assign/vec4 v000001dda3367790_0, 0;
T_0.1 ;
    %jmp T_0;
    .thread T_0;
    .scope S_000001dda3367560;
T_1 ;
    %wait E_000001dda34eb520;
    %pushi/vec4 0, 0, 1;
    %store/vec4 v000001dda3364d30_0, 0, 1;
    %load/vec4 v000001dda3367790_0;
    %dup/vec4;
    %pushi/vec4 0, 0, 3;
    %cmp/u;
    %jmp/1 T_1.0, 6;
    %dup/vec4;
    %pushi/vec4 1, 0, 3;
    %cmp/u;
    %jmp/1 T_1.1, 6;
    %dup/vec4;
    %pushi/vec4 2, 0, 3;
    %cmp/u;
    %jmp/1 T_1.2, 6;
    %dup/vec4;
    %pushi/vec4 3, 0, 3;
    %cmp/u;
    %jmp/1 T_1.3, 6;
    %jmp T_1.4;
T_1.0 ;
    %load/vec4 v000001dda3364c90_0;
    %flag_set/vec4 8;
    %jmp/0xz  T_1.5, 8;
    %pushi/vec4 1, 0, 3;
    %store/vec4 v000001dda3333100_0, 0, 3;
    %jmp T_1.6;
T_1.5 ;
    %pushi/vec4 0, 0, 3;
    %store/vec4 v000001dda3333100_0, 0, 3;
T_1.6 ;
    %jmp T_1.4;
T_1.1 ;
    %load/vec4 v000001dda3364c90_0;
    %flag_set/vec4 8;
    %jmp/0xz  T_1.7, 8;
    %pushi/vec4 2, 0, 3;
    %store/vec4 v000001dda3333100_0, 0, 3;
    %jmp T_1.8;
T_1.7 ;
    %pushi/vec4 0, 0, 3;
    %store/vec4 v000001dda3333100_0, 0, 3;
T_1.8 ;
    %jmp T_1.4;
T_1.2 ;
    %load/vec4 v000001dda3364c90_0;
    %inv;
    %flag_set/vec4 8;
    %jmp/0xz  T_1.9, 8;
    %pushi/vec4 3, 0, 3;
    %store/vec4 v000001dda3333100_0, 0, 3;
    %jmp T_1.10;
T_1.9 ;
    %pushi/vec4 2, 0, 3;
    %store/vec4 v000001dda3333100_0, 0, 3;
T_1.10 ;
    %jmp T_1.4;
T_1.3 ;
    %load/vec4 v000001dda3364c90_0;
    %flag_set/vec4 8;
    %jmp/0xz  T_1.11, 8;
    %pushi/vec4 1, 0, 3;
    %store/vec4 v000001dda3333100_0, 0, 3;
    %pushi/vec4 1, 0, 1;
    %store/vec4 v000001dda3364d30_0, 0, 1;
    %jmp T_1.12;
T_1.11 ;
    %pushi/vec4 0, 0, 3;
    %store/vec4 v000001dda3333100_0, 0, 3;
T_1.12 ;
    %jmp T_1.4;
T_1.4 ;
    %pop/vec4 1;
    %jmp T_1;
    .thread T_1, $push;
    .scope S_000001dda33673d0;
T_2 ;
    %vpi_call 2 9 "$dumpfile", "dump.vcd" {0 0 0};
    %vpi_call 2 10 "$dumpvars", 32'sb00000000000000000000000000000000, S_000001dda33673d0 {0 0 0};
    %pushi/vec4 0, 0, 1;
    %store/vec4 v000001dda3364dd0_0, 0, 1;
T_2.0 ;
    %delay 5000, 0;
    %load/vec4 v000001dda3364dd0_0;
    %inv;
    %store/vec4 v000001dda3364dd0_0, 0, 1;
    %jmp T_2.0;
    %end;
    .thread T_2;
    .scope S_000001dda33673d0;
T_3 ;
    %pushi/vec4 1, 0, 1;
    %store/vec4 v000001dda3364e70_0, 0, 1;
    %pushi/vec4 0, 0, 1;
    %store/vec4 v000001dda3364f10_0, 0, 1;
    %delay 12000, 0;
    %pushi/vec4 0, 0, 1;
    %store/vec4 v000001dda3364e70_0, 0, 1;
    %delay 10000, 0;
    %pushi/vec4 1, 0, 1;
    %store/vec4 v000001dda3364f10_0, 0, 1;
    %delay 10000, 0;
    %pushi/vec4 1, 0, 1;
    %store/vec4 v000001dda3364f10_0, 0, 1;
    %delay 10000, 0;
    %pushi/vec4 0, 0, 1;
    %store/vec4 v000001dda3364f10_0, 0, 1;
    %delay 10000, 0;
    %pushi/vec4 1, 0, 1;
    %store/vec4 v000001dda3364f10_0, 0, 1;
    %delay 10000, 0;
    %pushi/vec4 1, 0, 1;
    %store/vec4 v000001dda3364f10_0, 0, 1;
    %delay 10000, 0;
    %pushi/vec4 0, 0, 1;
    %store/vec4 v000001dda3364f10_0, 0, 1;
    %delay 10000, 0;
    %pushi/vec4 1, 0, 1;
    %store/vec4 v000001dda3364f10_0, 0, 1;
    %delay 10000, 0;
    %pushi/vec4 1, 0, 1;
    %store/vec4 v000001dda3364f10_0, 0, 1;
    %delay 10000, 0;
    %pushi/vec4 1, 0, 1;
    %store/vec4 v000001dda3364f10_0, 0, 1;
    %delay 10000, 0;
    %pushi/vec4 0, 0, 1;
    %store/vec4 v000001dda3364f10_0, 0, 1;
    %delay 10000, 0;
    %pushi/vec4 1, 0, 1;
    %store/vec4 v000001dda3364f10_0, 0, 1;
    %delay 20000, 0;
    %vpi_call 2 24 "$finish" {0 0 0};
    %end;
    .thread T_3;
# The file index is used to find the file name in the following table.
:file_names 4;
    "N/A";
    "<interactive>";
    "tb_seq_detect_mealy.v";
    "seq_detect_mealy.v";
