#! /c/Source/iverilog-install/bin/vvp
:ivl_version "12.0 (devel)" "(s20150603-1539-g2693dd32b)";
:ivl_delay_selection "TYPICAL";
:vpi_time_precision - 12;
:vpi_module "C:\iverilog\lib\ivl\system.vpi";
:vpi_module "C:\iverilog\lib\ivl\vhdl_sys.vpi";
:vpi_module "C:\iverilog\lib\ivl\vhdl_textio.vpi";
:vpi_module "C:\iverilog\lib\ivl\v2005_math.vpi";
:vpi_module "C:\iverilog\lib\ivl\va_math.vpi";
S_00000195590d7b70 .scope module, "tb_traffic_light" "tb_traffic_light" 2 2;
 .timescale -9 -12;
v000001955913fa50_0 .net "EW", 1 0, v00000195590b2e90_0;  1 drivers
v000001955913faf0_0 .net "NS", 1 0, v00000195590b2f30_0;  1 drivers
v00000195590e4910_0 .var "clk", 0 0;
v00000195590e4870_0 .var "reset", 0 0;
v00000195590e4730_0 .net "tick", 0 0, v00000195590e79b0_0;  1 drivers
S_00000195590e76e0 .scope module, "tg" "tick_generator" 2 14, 3 2 0, S_00000195590d7b70;
 .timescale -9 -12;
    .port_info 0 /INPUT 1 "clk";
    .port_info 1 /INPUT 1 "reset";
    .port_info 2 /OUTPUT 1 "tick";
P_00000195590d9cf0 .param/l "COUNT_MAX" 0 3 2, +C4<00000000000000000000000000010100>;
v00000195590b3950_0 .net "clk", 0 0, v00000195590e4910_0;  1 drivers
v00000195590e7870_0 .var "count", 4 0;
v00000195590e7910_0 .net "reset", 0 0, v00000195590e4870_0;  1 drivers
v00000195590e79b0_0 .var "tick", 0 0;
E_00000195590d9b70 .event posedge, v00000195590e7910_0, v00000195590b3950_0;
S_00000195590b2d00 .scope module, "tl" "traffic_light" 2 21, 4 2 0, S_00000195590d7b70;
 .timescale -9 -12;
    .port_info 0 /INPUT 1 "clk";
    .port_info 1 /INPUT 1 "reset";
    .port_info 2 /INPUT 1 "tick";
    .port_info 3 /OUTPUT 2 "NS";
    .port_info 4 /OUTPUT 2 "EW";
P_00000195590e7a50 .param/l "EW_G" 1 4 7, +C4<00000000000000000000000000000010>;
P_00000195590e7a88 .param/l "EW_Y" 1 4 7, +C4<00000000000000000000000000000011>;
P_00000195590e7ac0 .param/l "NS_G" 1 4 7, +C4<00000000000000000000000000000000>;
P_00000195590e7af8 .param/l "NS_Y" 1 4 7, +C4<00000000000000000000000000000001>;
v00000195590b2e90_0 .var "EW", 1 0;
v00000195590b2f30_0 .var "NS", 1 0;
v00000195590b2fd0_0 .net "clk", 0 0, v00000195590e4910_0;  alias, 1 drivers
v00000195590b3070_0 .var "count", 2 0;
v00000195590b3110_0 .var "next_state", 1 0;
v000001955913f870_0 .net "reset", 0 0, v00000195590e4870_0;  alias, 1 drivers
v000001955913f910_0 .var "state", 1 0;
v000001955913f9b0_0 .net "tick", 0 0, v00000195590e79b0_0;  alias, 1 drivers
E_00000195590d9a30 .event anyedge, v000001955913f910_0;
    .scope S_00000195590e76e0;
T_0 ;
    %wait E_00000195590d9b70;
    %load/vec4 v00000195590e7910_0;
    %flag_set/vec4 8;
    %jmp/0xz  T_0.0, 8;
    %pushi/vec4 0, 0, 5;
    %assign/vec4 v00000195590e7870_0, 0;
    %pushi/vec4 0, 0, 1;
    %assign/vec4 v00000195590e79b0_0, 0;
    %jmp T_0.1;
T_0.0 ;
    %load/vec4 v00000195590e7870_0;
    %pad/u 32;
    %cmpi/e 19, 0, 32;
    %jmp/0xz  T_0.2, 4;
    %pushi/vec4 0, 0, 5;
    %assign/vec4 v00000195590e7870_0, 0;
    %pushi/vec4 1, 0, 1;
    %assign/vec4 v00000195590e79b0_0, 0;
    %jmp T_0.3;
T_0.2 ;
    %load/vec4 v00000195590e7870_0;
    %addi 1, 0, 5;
    %assign/vec4 v00000195590e7870_0, 0;
    %pushi/vec4 0, 0, 1;
    %assign/vec4 v00000195590e79b0_0, 0;
T_0.3 ;
T_0.1 ;
    %jmp T_0;
    .thread T_0;
    .scope S_00000195590b2d00;
T_1 ;
    %wait E_00000195590d9b70;
    %load/vec4 v000001955913f870_0;
    %flag_set/vec4 8;
    %jmp/0xz  T_1.0, 8;
    %pushi/vec4 0, 0, 2;
    %assign/vec4 v000001955913f910_0, 0;
    %pushi/vec4 0, 0, 3;
    %assign/vec4 v00000195590b3070_0, 0;
    %jmp T_1.1;
T_1.0 ;
    %load/vec4 v000001955913f9b0_0;
    %flag_set/vec4 8;
    %jmp/0xz  T_1.2, 8;
    %load/vec4 v000001955913f910_0;
    %pad/u 32;
    %cmpi/e 0, 0, 32;
    %flag_get/vec4 4;
    %jmp/0 T_1.9, 4;
    %load/vec4 v00000195590b3070_0;
    %pad/u 32;
    %pushi/vec4 4, 0, 32;
    %cmp/e;
    %flag_get/vec4 4;
    %and;
T_1.9;
    %flag_set/vec4 8;
    %jmp/1 T_1.8, 8;
    %load/vec4 v000001955913f910_0;
    %pad/u 32;
    %cmpi/e 1, 0, 32;
    %flag_get/vec4 4;
    %jmp/0 T_1.10, 4;
    %load/vec4 v00000195590b3070_0;
    %pad/u 32;
    %pushi/vec4 1, 0, 32;
    %cmp/e;
    %flag_get/vec4 4;
    %and;
T_1.10;
    %flag_set/vec4 9;
    %flag_or 8, 9;
T_1.8;
    %jmp/1 T_1.7, 8;
    %load/vec4 v000001955913f910_0;
    %pad/u 32;
    %cmpi/e 2, 0, 32;
    %flag_get/vec4 4;
    %jmp/0 T_1.11, 4;
    %load/vec4 v00000195590b3070_0;
    %pad/u 32;
    %pushi/vec4 4, 0, 32;
    %cmp/e;
    %flag_get/vec4 4;
    %and;
T_1.11;
    %flag_set/vec4 9;
    %flag_or 8, 9;
T_1.7;
    %jmp/1 T_1.6, 8;
    %load/vec4 v000001955913f910_0;
    %pad/u 32;
    %cmpi/e 3, 0, 32;
    %flag_get/vec4 4;
    %jmp/0 T_1.12, 4;
    %load/vec4 v00000195590b3070_0;
    %pad/u 32;
    %pushi/vec4 1, 0, 32;
    %cmp/e;
    %flag_get/vec4 4;
    %and;
T_1.12;
    %flag_set/vec4 9;
    %flag_or 8, 9;
T_1.6;
    %jmp/0xz  T_1.4, 8;
    %load/vec4 v00000195590b3110_0;
    %assign/vec4 v000001955913f910_0, 0;
    %pushi/vec4 0, 0, 3;
    %assign/vec4 v00000195590b3070_0, 0;
    %jmp T_1.5;
T_1.4 ;
    %load/vec4 v00000195590b3070_0;
    %addi 1, 0, 3;
    %assign/vec4 v00000195590b3070_0, 0;
T_1.5 ;
T_1.2 ;
T_1.1 ;
    %jmp T_1;
    .thread T_1;
    .scope S_00000195590b2d00;
T_2 ;
    %wait E_00000195590d9a30;
    %load/vec4 v000001955913f910_0;
    %dup/vec4;
    %pushi/vec4 0, 0, 2;
    %cmp/u;
    %jmp/1 T_2.0, 6;
    %dup/vec4;
    %pushi/vec4 1, 0, 2;
    %cmp/u;
    %jmp/1 T_2.1, 6;
    %dup/vec4;
    %pushi/vec4 2, 0, 2;
    %cmp/u;
    %jmp/1 T_2.2, 6;
    %dup/vec4;
    %pushi/vec4 3, 0, 2;
    %cmp/u;
    %jmp/1 T_2.3, 6;
    %pushi/vec4 0, 0, 2;
    %store/vec4 v00000195590b3110_0, 0, 2;
    %jmp T_2.5;
T_2.0 ;
    %pushi/vec4 1, 0, 2;
    %store/vec4 v00000195590b3110_0, 0, 2;
    %jmp T_2.5;
T_2.1 ;
    %pushi/vec4 2, 0, 2;
    %store/vec4 v00000195590b3110_0, 0, 2;
    %jmp T_2.5;
T_2.2 ;
    %pushi/vec4 3, 0, 2;
    %store/vec4 v00000195590b3110_0, 0, 2;
    %jmp T_2.5;
T_2.3 ;
    %pushi/vec4 0, 0, 2;
    %store/vec4 v00000195590b3110_0, 0, 2;
    %jmp T_2.5;
T_2.5 ;
    %pop/vec4 1;
    %jmp T_2;
    .thread T_2, $push;
    .scope S_00000195590b2d00;
T_3 ;
    %wait E_00000195590d9a30;
    %load/vec4 v000001955913f910_0;
    %dup/vec4;
    %pushi/vec4 0, 0, 2;
    %cmp/u;
    %jmp/1 T_3.0, 6;
    %dup/vec4;
    %pushi/vec4 1, 0, 2;
    %cmp/u;
    %jmp/1 T_3.1, 6;
    %dup/vec4;
    %pushi/vec4 2, 0, 2;
    %cmp/u;
    %jmp/1 T_3.2, 6;
    %dup/vec4;
    %pushi/vec4 3, 0, 2;
    %cmp/u;
    %jmp/1 T_3.3, 6;
    %pushi/vec4 0, 0, 2;
    %store/vec4 v00000195590b2f30_0, 0, 2;
    %pushi/vec4 0, 0, 2;
    %store/vec4 v00000195590b2e90_0, 0, 2;
    %jmp T_3.5;
T_3.0 ;
    %pushi/vec4 1, 0, 2;
    %store/vec4 v00000195590b2f30_0, 0, 2;
    %pushi/vec4 0, 0, 2;
    %store/vec4 v00000195590b2e90_0, 0, 2;
    %jmp T_3.5;
T_3.1 ;
    %pushi/vec4 2, 0, 2;
    %store/vec4 v00000195590b2f30_0, 0, 2;
    %pushi/vec4 0, 0, 2;
    %store/vec4 v00000195590b2e90_0, 0, 2;
    %jmp T_3.5;
T_3.2 ;
    %pushi/vec4 0, 0, 2;
    %store/vec4 v00000195590b2f30_0, 0, 2;
    %pushi/vec4 1, 0, 2;
    %store/vec4 v00000195590b2e90_0, 0, 2;
    %jmp T_3.5;
T_3.3 ;
    %pushi/vec4 0, 0, 2;
    %store/vec4 v00000195590b2f30_0, 0, 2;
    %pushi/vec4 2, 0, 2;
    %store/vec4 v00000195590b2e90_0, 0, 2;
    %jmp T_3.5;
T_3.5 ;
    %pop/vec4 1;
    %jmp T_3;
    .thread T_3, $push;
    .scope S_00000195590d7b70;
T_4 ;
    %pushi/vec4 0, 0, 1;
    %store/vec4 v00000195590e4910_0, 0, 1;
T_4.0 ;
    %delay 5000, 0;
    %load/vec4 v00000195590e4910_0;
    %inv;
    %store/vec4 v00000195590e4910_0, 0, 1;
    %jmp T_4.0;
    %end;
    .thread T_4;
    .scope S_00000195590d7b70;
T_5 ;
    %vpi_call 2 31 "$dumpfile", "dump.vcd" {0 0 0};
    %vpi_call 2 32 "$dumpvars", 32'sb00000000000000000000000000000000, S_00000195590d7b70 {0 0 0};
    %pushi/vec4 1, 0, 1;
    %store/vec4 v00000195590e4870_0, 0, 1;
    %delay 12000, 0;
    %pushi/vec4 0, 0, 1;
    %store/vec4 v00000195590e4870_0, 0, 1;
    %delay 800000, 0;
    %vpi_call 2 38 "$finish" {0 0 0};
    %end;
    .thread T_5;
# The file index is used to find the file name in the following table.
:file_names 5;
    "N/A";
    "<interactive>";
    "tb_traffic_light.v";
    "tick_generator.v";
    "traffic_light.v";
